* 8cfb7dc (N) - (HEAD -> master, origin/master, origin/HEAD) Converted Readme to MD (2011-08-30) <Micah Breedlove>
* ca18c3a (N) - Edited README via GitHub (2011-08-30) <Micah Breedlove>
* 190ba09 (N) - changed README to have more info (2011-02-01) <Micah Breedlove>
* 5a7e209 (N) - adds README file (2011-01-26) <Micah Breedlove>
* fabc44d (N) - css changes (2010-06-21) <Micah Breedlove (druid628)>
* 6e50568 (N) - removed old data from main homepage (2010-06-21) <Micah Breedlove (druid628)>
* 104782f (N) - More Good changes (2010-06-21) <Micah Breedlove (druid628)>
* eb6a55f (N) - made the welcome screen (2010-06-21) <Micah Breedlove (druid628)>
* f5ab89a (N) - edits to game edit page (2010-06-21) <Micah Breedlove (druid628)>
* 35bf453 (N) - oops fixes (2010-06-21) <Micah Breedlove (druid628)>
* 3744e67 (N) - adds database.yml.sample (2010-06-21) <Micah Breedlove (druid628)>
* 8c5637c (N) - removes databasesymlfile (2010-06-21) <Micah Breedlove (druid628)>
* e4f3050 (N) - yay getting there (2010-06-21) <Micah Breedlove (druid628)>
* e6dccaf (N) - Wow actually got somewhere (2010-06-21) <Micah Breedlove (druid628)>
* c0ff70b (N) - odds now deactivate old odds (2010-06-17) <Micah Breedlove (druid628)>
* 5d23fc5 (N) -  dammit (2010-06-17) <Micah Breedlove (druid628)>
* c160256 (N) -  more changes 3rd time (2010-06-17) <Micah Breedlove (druid628)>
* 1617207 (N) -  more changes (2010-06-17) <Micah Breedlove (druid628)>
* 8ea7ef0 (N) -  more changes (2010-06-17) <Micah Breedlove (druid628)>
* eb13c00 (N) - le sigh (2010-06-17) <Micah Breedlove (druid628)>
* 9f60197 (N) - models and stuff gen'd (2010-06-17) <Micah Breedlove (druid628)>
* b326157 (N) - adds sfGuard (2010-06-17) <Micah Breedlove (druid628)>
* 7801cdd (N) - Initial import (2010-06-17) <Micah Breedlove (druid628)>